build/app/outputs/mapping/release/mapping.txt
# compiler: R8
# compiler_version: 1.5.64
# min_api: 16
# pg_map_id: 3583fcb
com.example.push_notification.MyApplication -> com.example.push_notification.MyApplication:
    void registerWith(io.flutter.plugin.common.PluginRegistry) -> a
...
com.google.gson.stream.JsonToken -> c.b.c.a0.b:
    com.google.gson.stream.JsonToken END_ARRAY -> b
    com.google.gson.stream.JsonToken BEGIN_ARRAY -> a
    com.google.gson.stream.JsonToken STRING -> f
    com.google.gson.stream.JsonToken NAME -> e
    com.google.gson.stream.JsonToken END_OBJECT -> d
    com.google.gson.stream.JsonToken BEGIN_OBJECT -> c
    com.google.gson.stream.JsonToken END_DOCUMENT -> j
    com.google.gson.stream.JsonToken NULL -> i
    com.google.gson.stream.JsonToken BOOLEAN -> h
    com.google.gson.stream.JsonToken NUMBER -> g
    com.google.gson.stream.JsonToken[] $VALUES -> k
com.google.gson.stream.JsonWriter -> c.b.c.a0.c:
    java.lang.String deferredName -> h
    int[] stack -> b
    boolean serializeNulls -> i
    java.lang.String[] HTML_SAFE_REPLACEMENT_CHARS -> k
    java.lang.String[] REPLACEMENT_CHARS -> j
    java.io.Writer out -> a
    boolean lenient -> f
    boolean htmlSafe -> g
    int stackSize -> c
    java.lang.String separator -> e
    java.lang.String indent -> d
    com.google.gson.stream.JsonWriter close(int,int,java.lang.String) -> a
    com.google.gson.stream.JsonWriter name(java.lang.String) -> a
    com.google.gson.stream.JsonWriter open(int,java.lang.String) -> a
    void push(int) -> a
    void setHtmlSafe(boolean) -> a
    com.google.gson.stream.JsonWriter value(long) -> a
    com.google.gson.stream.JsonWriter value(java.lang.Boolean) -> a
    com.google.gson.stream.JsonWriter value(java.lang.Number) -> a
    void replaceTop(int) -> b
    void setIndent(java.lang.String) -> b
    void setLenient(boolean) -> b
    com.google.gson.stream.JsonWriter beginArray() -> c
    void setSerializeNulls(boolean) -> c
    com.google.gson.stream.JsonWriter value(java.lang.String) -> c
    com.google.gson.stream.JsonWriter beginObject() -> d
    void string(java.lang.String) -> d
    com.google.gson.stream.JsonWriter value(boolean) -> d
    com.google.gson.stream.JsonWriter endArray() -> e
    com.google.gson.stream.JsonWriter endObject() -> f
    boolean getSerializeNulls() -> g
    boolean isHtmlSafe() -> h
com.google.gson.stream.MalformedJsonException -> c.b.c.a0.d:
dagger.Lazy -> d.a:
dagger.internal.DoubleCheck -> d.b.a:
    javax.inject.Provider provider -> a
    java.lang.Object instance -> b
    java.lang.Object UNINITIALIZED -> c
    java.lang.Object get() -> a
    javax.inject.Provider provider(javax.inject.Provider) -> a
    java.lang.Object reentrantCheck(java.lang.Object,java.lang.Object) -> a
dagger.internal.Factory -> d.b.b:
dagger.internal.InstanceFactory -> d.b.c:
    java.lang.Object instance -> a
    dagger.internal.Factory create(java.lang.Object) -> a
    java.lang.Object get() -> a
dagger.internal.Preconditions -> d.b.d:
    void checkBuilderRequirement(java.lang.Object,java.lang.Class) -> a
    java.lang.Object checkNotNull(java.lang.Object) -> a
    java.lang.Object checkNotNull(java.lang.Object,java.lang.String) -> a
io.flutter.Log -> e.a.a:
    void d(java.lang.String,java.lang.String) -> a
    void e(java.lang.String,java.lang.String,java.lang.Throwable) -> a
    void e(java.lang.String,java.lang.String) -> b
    void v(java.lang.String,java.lang.String) -> c
    void w(java.lang.String,java.lang.String) -> d
io.flutter.app.FlutterApplication -> e.a.b.a: